  AssetLoader.cpp
  Game.cpp
  Main.cpp
  Math.cpp
  Random.cpp
  Renderer.cpp
C:\Users\andres\Development\GP1\Chapter 12 ECS\Renderer.cpp(99,53): warning C4267: 'argument': conversion from 'size_t' to 'GLsizei', possible loss of data
C:\Users\andres\Development\GP1\Chapter 12 ECS\Renderer.cpp(103,53): warning C4267: 'argument': conversion from 'size_t' to 'GLsizei', possible loss of data
C:\Users\andres\Development\GP1\Chapter 12 ECS\Renderer.cpp(107,53): warning C4267: 'argument': conversion from 'size_t' to 'GLsizei', possible loss of data
C:\Users\andres\Development\GP1\Chapter 12 ECS\Renderer.cpp(111,53): warning C4267: 'argument': conversion from 'size_t' to 'GLsizei', possible loss of data
C:\Users\andres\Development\GP1\Chapter 12 ECS\Renderer.cpp(115,53): warning C4267: 'argument': conversion from 'size_t' to 'GLsizei', possible loss of data
C:\Users\andres\Development\GP1\Chapter 12 ECS\Renderer.cpp(119,42): warning C4267: 'argument': conversion from 'size_t' to 'GLsizei', possible loss of data
C:\Users\andres\Development\GP1\Chapter 12 ECS\Renderer.cpp(123,53): warning C4267: 'argument': conversion from 'size_t' to 'GLsizei', possible loss of data
C:\Users\andres\Development\GP1\Chapter 12 ECS\Renderer.cpp(148,54): warning C4267: 'argument': conversion from 'size_t' to 'GLsizei', possible loss of data
C:\Users\andres\Development\GP1\Chapter 12 ECS\Renderer.cpp(150,54): warning C4267: 'argument': conversion from 'size_t' to 'GLsizei', possible loss of data
C:\Users\andres\Development\GP1\Chapter 12 ECS\Renderer.cpp(153,54): warning C4267: 'argument': conversion from 'size_t' to 'GLsizei', possible loss of data
C:\Users\andres\Development\GP1\Chapter 12 ECS\Renderer.cpp(313,34): warning C4267: 'argument': conversion from 'size_t' to 'GLsizei', possible loss of data
  Systems.cpp
  Generating Code...
  Game.vcxproj -> C:\Users\andres\Development\GP1\Chapter 12 ECS\x64\Debug\Game.exe
